[
  {
    "line": 1,
    "elements": [
      {
        "line": 13,
        "name": "Free CRM Login Test Scenario",
        "description": "",
        "id": "free-crm-login-feature;free-crm-login-test-scenario;;2",
        "type": "scenario",
        "keyword": "Scenario Outline",
        "steps": [
          {
            "result": {
              "duration": 5522801700,
              "status": "passed"
            },
            "line": 5,
            "name": "user is already on Login Page",
            "match": {
              "location": "LoginStepDefinition.user_already_on_login_page()"
            },
            "keyword": "Given "
          },
          {
            "result": {
              "duration": 7718500,
              "status": "passed"
            },
            "line": 6,
            "name": "title of login page is Free CRM",
            "match": {
              "location": "LoginStepDefinition.title_of_login_page_is_free_CRM()"
            },
            "keyword": "When "
          },
          {
            "result": {
              "duration": 45653500,
              "error_message": "org.openqa.selenium.NoSuchElementException: no such element: Unable to locate element: {\"method\":\"xpath\",\"selector\":\"//span[normalize-space()\u003d\u0027Log In\u0027]\"}\n  (Session info: chrome\u003d109.0.5414.120)\nFor documentation on this error, please visit: http://seleniumhq.org/exceptions/no_such_element.html\nBuild info: version: \u00273.11.0\u0027, revision: \u0027e59cfb3\u0027, time: \u00272018-03-11T20:26:55.152Z\u0027\nSystem info: host: \u0027DELLG15\u0027, ip: \u0027192.168.1.147\u0027, os.name: \u0027Windows 10\u0027, os.arch: \u0027amd64\u0027, os.version: \u002710.0\u0027, java.version: \u00271.8.0_333\u0027\nDriver info: org.openqa.selenium.chrome.ChromeDriver\nCapabilities {acceptInsecureCerts: false, browserName: chrome, browserVersion: 109.0.5414.120, chrome: {chromedriverVersion: 109.0.5414.74 (e7c5703604da..., userDataDir: C:\\Users\\ranad\\AppData\\Loca...}, goog:chromeOptions: {debuggerAddress: localhost:54131}, javascriptEnabled: true, networkConnectionEnabled: false, pageLoadStrategy: normal, platform: WINDOWS, platformName: WINDOWS, proxy: Proxy(), setWindowRect: true, strictFileInteractability: false, timeouts: {implicit: 0, pageLoad: 300000, script: 30000}, unhandledPromptBehavior: dismiss and notify, webauthn:extension:credBlob: true, webauthn:extension:largeBlob: true, webauthn:virtualAuthenticators: true}\nSession ID: e9b7e29e2caf14040f2d63fafb79f9be\n*** Element info: {Using\u003dxpath, value\u003d//span[normalize-space()\u003d\u0027Log In\u0027]}\r\n\tat sun.reflect.NativeConstructorAccessorImpl.newInstance0(Native Method)\r\n\tat sun.reflect.NativeConstructorAccessorImpl.newInstance(NativeConstructorAccessorImpl.java:62)\r\n\tat sun.reflect.DelegatingConstructorAccessorImpl.newInstance(DelegatingConstructorAccessorImpl.java:45)\r\n\tat java.lang.reflect.Constructor.newInstance(Constructor.java:423)\r\n\tat org.openqa.selenium.remote.http.W3CHttpResponseCodec.createException(W3CHttpResponseCodec.java:187)\r\n\tat org.openqa.selenium.remote.http.W3CHttpResponseCodec.decode(W3CHttpResponseCodec.java:122)\r\n\tat org.openqa.selenium.remote.http.W3CHttpResponseCodec.decode(W3CHttpResponseCodec.java:49)\r\n\tat org.openqa.selenium.remote.HttpCommandExecutor.execute(HttpCommandExecutor.java:158)\r\n\tat org.openqa.selenium.remote.service.DriverCommandExecutor.execute(DriverCommandExecutor.java:83)\r\n\tat org.openqa.selenium.remote.RemoteWebDriver.execute(RemoteWebDriver.java:545)\r\n\tat org.openqa.selenium.remote.RemoteWebDriver.findElement(RemoteWebDriver.java:319)\r\n\tat org.openqa.selenium.remote.RemoteWebDriver.findElementByXPath(RemoteWebDriver.java:421)\r\n\tat org.openqa.selenium.By$ByXPath.findElement(By.java:361)\r\n\tat org.openqa.selenium.remote.RemoteWebDriver.findElement(RemoteWebDriver.java:311)\r\n\tat stepDefinitions.LoginStepDefinition.user_enters_username_and_password(LoginStepDefinition.java:41)\r\n\tat ✽.Then user enters \"naveenk\" and \"test@123\"(src/main/java/Features/login.feature:7)\r\n",
              "status": "failed"
            },
            "line": 7,
            "name": "user enters \"naveenk\" and \"test@123\"",
            "match": {
              "arguments": [
                {
                  "val": "naveenk",
                  "offset": 13
                },
                {
                  "val": "test@123",
                  "offset": 27
                }
              ],
              "location": "LoginStepDefinition.user_enters_username_and_password(String,String)"
            },
            "matchedColumns": [
              0,
              1
            ],
            "keyword": "Then "
          },
          {
            "result": {
              "status": "skipped"
            },
            "line": 8,
            "name": "user clicks on login button",
            "match": {
              "location": "LoginStepDefinition.user_clicks_on_login_button()"
            },
            "keyword": "Then "
          },
          {
            "result": {
              "status": "skipped"
            },
            "line": 9,
            "name": "Close the browser",
            "match": {
              "location": "LoginStepDefinition.close_the_browser()"
            },
            "keyword": "Then "
          }
        ]
      },
      {
        "line": 14,
        "name": "Free CRM Login Test Scenario",
        "description": "",
        "id": "free-crm-login-feature;free-crm-login-test-scenario;;3",
        "type": "scenario",
        "keyword": "Scenario Outline",
        "steps": [
          {
            "result": {
              "duration": 3045908500,
              "status": "passed"
            },
            "line": 5,
            "name": "user is already on Login Page",
            "match": {
              "location": "LoginStepDefinition.user_already_on_login_page()"
            },
            "keyword": "Given "
          },
          {
            "result": {
              "duration": 4660400,
              "status": "passed"
            },
            "line": 6,
            "name": "title of login page is Free CRM",
            "match": {
              "location": "LoginStepDefinition.title_of_login_page_is_free_CRM()"
            },
            "keyword": "When "
          },
          {
            "result": {
              "duration": 19072900,
              "error_message": "org.openqa.selenium.NoSuchElementException: no such element: Unable to locate element: {\"method\":\"xpath\",\"selector\":\"//span[normalize-space()\u003d\u0027Log In\u0027]\"}\n  (Session info: chrome\u003d109.0.5414.120)\nFor documentation on this error, please visit: http://seleniumhq.org/exceptions/no_such_element.html\nBuild info: version: \u00273.11.0\u0027, revision: \u0027e59cfb3\u0027, time: \u00272018-03-11T20:26:55.152Z\u0027\nSystem info: host: \u0027DELLG15\u0027, ip: \u0027192.168.1.147\u0027, os.name: \u0027Windows 10\u0027, os.arch: \u0027amd64\u0027, os.version: \u002710.0\u0027, java.version: \u00271.8.0_333\u0027\nDriver info: org.openqa.selenium.chrome.ChromeDriver\nCapabilities {acceptInsecureCerts: false, browserName: chrome, browserVersion: 109.0.5414.120, chrome: {chromedriverVersion: 109.0.5414.74 (e7c5703604da..., userDataDir: C:\\Users\\ranad\\AppData\\Loca...}, goog:chromeOptions: {debuggerAddress: localhost:54168}, javascriptEnabled: true, networkConnectionEnabled: false, pageLoadStrategy: normal, platform: WINDOWS, platformName: WINDOWS, proxy: Proxy(), setWindowRect: true, strictFileInteractability: false, timeouts: {implicit: 0, pageLoad: 300000, script: 30000}, unhandledPromptBehavior: dismiss and notify, webauthn:extension:credBlob: true, webauthn:extension:largeBlob: true, webauthn:virtualAuthenticators: true}\nSession ID: a8e7b19b0c819402f293e241ccb056e3\n*** Element info: {Using\u003dxpath, value\u003d//span[normalize-space()\u003d\u0027Log In\u0027]}\r\n\tat sun.reflect.NativeConstructorAccessorImpl.newInstance0(Native Method)\r\n\tat sun.reflect.NativeConstructorAccessorImpl.newInstance(NativeConstructorAccessorImpl.java:62)\r\n\tat sun.reflect.DelegatingConstructorAccessorImpl.newInstance(DelegatingConstructorAccessorImpl.java:45)\r\n\tat java.lang.reflect.Constructor.newInstance(Constructor.java:423)\r\n\tat org.openqa.selenium.remote.http.W3CHttpResponseCodec.createException(W3CHttpResponseCodec.java:187)\r\n\tat org.openqa.selenium.remote.http.W3CHttpResponseCodec.decode(W3CHttpResponseCodec.java:122)\r\n\tat org.openqa.selenium.remote.http.W3CHttpResponseCodec.decode(W3CHttpResponseCodec.java:49)\r\n\tat org.openqa.selenium.remote.HttpCommandExecutor.execute(HttpCommandExecutor.java:158)\r\n\tat org.openqa.selenium.remote.service.DriverCommandExecutor.execute(DriverCommandExecutor.java:83)\r\n\tat org.openqa.selenium.remote.RemoteWebDriver.execute(RemoteWebDriver.java:545)\r\n\tat org.openqa.selenium.remote.RemoteWebDriver.findElement(RemoteWebDriver.java:319)\r\n\tat org.openqa.selenium.remote.RemoteWebDriver.findElementByXPath(RemoteWebDriver.java:421)\r\n\tat org.openqa.selenium.By$ByXPath.findElement(By.java:361)\r\n\tat org.openqa.selenium.remote.RemoteWebDriver.findElement(RemoteWebDriver.java:311)\r\n\tat stepDefinitions.LoginStepDefinition.user_enters_username_and_password(LoginStepDefinition.java:41)\r\n\tat ✽.Then user enters \"naveens\" and \"test@123\"(src/main/java/Features/login.feature:7)\r\n",
              "status": "failed"
            },
            "line": 7,
            "name": "user enters \"naveens\" and \"test@123\"",
            "match": {
              "arguments": [
                {
                  "val": "naveens",
                  "offset": 13
                },
                {
                  "val": "test@123",
                  "offset": 27
                }
              ],
              "location": "LoginStepDefinition.user_enters_username_and_password(String,String)"
            },
            "matchedColumns": [
              0,
              1
            ],
            "keyword": "Then "
          },
          {
            "result": {
              "status": "skipped"
            },
            "line": 8,
            "name": "user clicks on login button",
            "match": {
              "location": "LoginStepDefinition.user_clicks_on_login_button()"
            },
            "keyword": "Then "
          },
          {
            "result": {
              "status": "skipped"
            },
            "line": 9,
            "name": "Close the browser",
            "match": {
              "location": "LoginStepDefinition.close_the_browser()"
            },
            "keyword": "Then "
          }
        ]
      },
      {
        "line": 15,
        "name": "Free CRM Login Test Scenario",
        "description": "",
        "id": "free-crm-login-feature;free-crm-login-test-scenario;;4",
        "type": "scenario",
        "keyword": "Scenario Outline",
        "steps": [
          {
            "result": {
              "duration": 3434353100,
              "status": "passed"
            },
            "line": 5,
            "name": "user is already on Login Page",
            "match": {
              "location": "LoginStepDefinition.user_already_on_login_page()"
            },
            "keyword": "Given "
          },
          {
            "result": {
              "duration": 5264800,
              "status": "passed"
            },
            "line": 6,
            "name": "title of login page is Free CRM",
            "match": {
              "location": "LoginStepDefinition.title_of_login_page_is_free_CRM()"
            },
            "keyword": "When "
          },
          {
            "result": {
              "duration": 25593200,
              "error_message": "org.openqa.selenium.NoSuchElementException: no such element: Unable to locate element: {\"method\":\"xpath\",\"selector\":\"//span[normalize-space()\u003d\u0027Log In\u0027]\"}\n  (Session info: chrome\u003d109.0.5414.120)\nFor documentation on this error, please visit: http://seleniumhq.org/exceptions/no_such_element.html\nBuild info: version: \u00273.11.0\u0027, revision: \u0027e59cfb3\u0027, time: \u00272018-03-11T20:26:55.152Z\u0027\nSystem info: host: \u0027DELLG15\u0027, ip: \u0027192.168.1.147\u0027, os.name: \u0027Windows 10\u0027, os.arch: \u0027amd64\u0027, os.version: \u002710.0\u0027, java.version: \u00271.8.0_333\u0027\nDriver info: org.openqa.selenium.chrome.ChromeDriver\nCapabilities {acceptInsecureCerts: false, browserName: chrome, browserVersion: 109.0.5414.120, chrome: {chromedriverVersion: 109.0.5414.74 (e7c5703604da..., userDataDir: C:\\Users\\ranad\\AppData\\Loca...}, goog:chromeOptions: {debuggerAddress: localhost:54207}, javascriptEnabled: true, networkConnectionEnabled: false, pageLoadStrategy: normal, platform: WINDOWS, platformName: WINDOWS, proxy: Proxy(), setWindowRect: true, strictFileInteractability: false, timeouts: {implicit: 0, pageLoad: 300000, script: 30000}, unhandledPromptBehavior: dismiss and notify, webauthn:extension:credBlob: true, webauthn:extension:largeBlob: true, webauthn:virtualAuthenticators: true}\nSession ID: aa7fe9ed78b5359b4d94f3b489975cc2\n*** Element info: {Using\u003dxpath, value\u003d//span[normalize-space()\u003d\u0027Log In\u0027]}\r\n\tat sun.reflect.NativeConstructorAccessorImpl.newInstance0(Native Method)\r\n\tat sun.reflect.NativeConstructorAccessorImpl.newInstance(NativeConstructorAccessorImpl.java:62)\r\n\tat sun.reflect.DelegatingConstructorAccessorImpl.newInstance(DelegatingConstructorAccessorImpl.java:45)\r\n\tat java.lang.reflect.Constructor.newInstance(Constructor.java:423)\r\n\tat org.openqa.selenium.remote.http.W3CHttpResponseCodec.createException(W3CHttpResponseCodec.java:187)\r\n\tat org.openqa.selenium.remote.http.W3CHttpResponseCodec.decode(W3CHttpResponseCodec.java:122)\r\n\tat org.openqa.selenium.remote.http.W3CHttpResponseCodec.decode(W3CHttpResponseCodec.java:49)\r\n\tat org.openqa.selenium.remote.HttpCommandExecutor.execute(HttpCommandExecutor.java:158)\r\n\tat org.openqa.selenium.remote.service.DriverCommandExecutor.execute(DriverCommandExecutor.java:83)\r\n\tat org.openqa.selenium.remote.RemoteWebDriver.execute(RemoteWebDriver.java:545)\r\n\tat org.openqa.selenium.remote.RemoteWebDriver.findElement(RemoteWebDriver.java:319)\r\n\tat org.openqa.selenium.remote.RemoteWebDriver.findElementByXPath(RemoteWebDriver.java:421)\r\n\tat org.openqa.selenium.By$ByXPath.findElement(By.java:361)\r\n\tat org.openqa.selenium.remote.RemoteWebDriver.findElement(RemoteWebDriver.java:311)\r\n\tat stepDefinitions.LoginStepDefinition.user_enters_username_and_password(LoginStepDefinition.java:41)\r\n\tat ✽.Then user enters \"rana\" and \"test@123\"(src/main/java/Features/login.feature:7)\r\n",
              "status": "failed"
            },
            "line": 7,
            "name": "user enters \"rana\" and \"test@123\"",
            "match": {
              "arguments": [
                {
                  "val": "rana",
                  "offset": 13
                },
                {
                  "val": "test@123",
                  "offset": 24
                }
              ],
              "location": "LoginStepDefinition.user_enters_username_and_password(String,String)"
            },
            "matchedColumns": [
              0,
              1
            ],
            "keyword": "Then "
          },
          {
            "result": {
              "status": "skipped"
            },
            "line": 8,
            "name": "user clicks on login button",
            "match": {
              "location": "LoginStepDefinition.user_clicks_on_login_button()"
            },
            "keyword": "Then "
          },
          {
            "result": {
              "status": "skipped"
            },
            "line": 9,
            "name": "Close the browser",
            "match": {
              "location": "LoginStepDefinition.close_the_browser()"
            },
            "keyword": "Then "
          }
        ]
      }
    ],
    "name": "Free CRM Login Feature",
    "description": "Scenario : Free CRM Login Test Scenario",
    "id": "free-crm-login-feature",
    "keyword": "Feature",
    "uri": "src/main/java/Features/login.feature"
  }
]